# JRE version: OpenJDK Runtime Environment (11.0.13) (build 11.0.13+0-b1751.21-8125866)
# Java VM: OpenJDK 64-Bit Server VM (11.0.13+0-b1751.21-8125866, mixed mode, tiered, compressed oops, g1 gc, windows-amd64)
Heap:
 garbage-first heap   total 226304K, used 127980K [0x0000000080000000, 0x0000000100000000)
  region size 1024K, 35 young (35840K), 8 survivors (8192K)
 Metaspace       used 131172K, capacity 134376K, committed 136616K, reserved 1167360K
  class space    used 16002K, capacity 17216K, committed 18252K, reserved 1048576K
GC Heap History (20 events):
Event: 7073.001 GC heap before
{Heap before GC invocations=57 (full 0):
 garbage-first heap   total 226304K, used 122607K [0x0000000080000000, 0x0000000100000000)
  region size 1024K, 14 young (14336K), 2 survivors (2048K)
 Metaspace       used 126840K, capacity 129943K, committed 132392K, reserved 1163264K
  class space    used 15721K, capacity 16882K, committed 17868K, reserved 1048576K
}
Event: 7073.011 GC heap after
{Heap after GC invocations=58 (full 0):
 garbage-first heap   total 226304K, used 115251K [0x0000000080000000, 0x0000000100000000)
  region size 1024K, 5 young (5120K), 5 survivors (5120K)
 Metaspace       used 126840K, capacity 129943K, committed 132392K, reserved 1163264K
  class space    used 15721K, capacity 16882K, committed 17868K, reserved 1048576K
}
Event: 7073.754 GC heap before
{Heap before GC invocations=59 (full 0):
 garbage-first heap   total 226304K, used 195123K [0x0000000080000000, 0x0000000100000000)
  region size 1024K, 59 young (60416K), 5 survivors (5120K)
 Metaspace       used 127281K, capacity 130367K, committed 133032K, reserved 1165312K
  class space    used 15732K, capacity 16885K, committed 17996K, reserved 1048576K
}
Event: 7073.763 GC heap after
{Heap after GC invocations=60 (full 0):
 garbage-first heap   total 226304K, used 116913K [0x0000000080000000, 0x0000000100000000)
  region size 1024K, 6 young (6144K), 6 survivors (6144K)
 Metaspace       used 127281K, capacity 130367K, committed 133032K, reserved 1165312K
  class space    used 15732K, capacity 16885K, committed 17996K, reserved 1048576K
}
Event: 7073.818 GC heap before
{Heap before GC invocations=60 (full 0):
 garbage-first heap   total 226304K, used 121009K [0x0000000080000000, 0x0000000100000000)
  region size 1024K, 11 young (11264K), 6 survivors (6144K)
 Metaspace       used 127418K, capacity 130531K, committed 133032K, reserved 1165312K
  class space    used 15737K, capacity 16891K, committed 17996K, reserved 1048576K
}
Event: 7073.836 GC heap after
{Heap after GC invocations=61 (full 0):
 garbage-first heap   total 226304K, used 108435K [0x0000000080000000, 0x0000000100000000)
  region size 1024K, 2 young (2048K), 2 survivors (2048K)
 Metaspace       used 127418K, capacity 130531K, committed 133032K, reserved 1165312K
  class space    used 15737K, capacity 16891K, committed 17996K, reserved 1048576K
}
Event: 7074.449 GC heap before
{Heap before GC invocations=61 (full 0):
 garbage-first heap   total 226304K, used 170899K [0x0000000080000000, 0x0000000100000000)
  region size 1024K, 64 young (65536K), 2 survivors (2048K)
 Metaspace       used 129466K, capacity 132680K, committed 134952K, reserved 1167360K
  class space    used 15895K, capacity 17113K, committed 18124K, reserved 1048576K
}
Event: 7074.460 GC heap after
{Heap after GC invocations=62 (full 0):
 garbage-first heap   total 226304K, used 114124K [0x0000000080000000, 0x0000000100000000)
  region size 1024K, 7 young (7168K), 7 survivors (7168K)
 Metaspace       used 129466K, capacity 132680K, committed 134952K, reserved 1167360K
  class space    used 15895K, capacity 17113K, committed 18124K, reserved 1048576K
}
Event: 7076.707 GC heap before
{Heap before GC invocations=63 (full 0):
 garbage-first heap   total 226304K, used 168396K [0x0000000080000000, 0x0000000100000000)
  region size 1024K, 68 young (69632K), 7 survivors (7168K)
 Metaspace       used 130406K, capacity 133533K, committed 135720K, reserved 1167360K
  class space    used 15967K, capacity 17167K, committed 18124K, reserved 1048576K
}
Event: 7076.719 GC heap after
{Heap after GC invocations=64 (full 0):
 garbage-first heap   total 226304K, used 112498K [0x0000000080000000, 0x0000000100000000)
  region size 1024K, 7 young (7168K), 7 survivors (7168K)
 Metaspace       used 130406K, capacity 133533K, committed 135720K, reserved 1167360K
  class space    used 15967K, capacity 17167K, committed 18124K, reserved 1048576K
}
Event: 7076.729 GC heap before
{Heap before GC invocations=64 (full 0):
 garbage-first heap   total 226304K, used 115570K [0x0000000080000000, 0x0000000100000000)
  region size 1024K, 11 young (11264K), 7 survivors (7168K)
 Metaspace       used 130406K, capacity 133533K, committed 135720K, reserved 1167360K
  class space    used 15967K, capacity 17167K, committed 18124K, reserved 1048576K
}
Event: 7076.748 GC heap after
{Heap after GC invocations=65 (full 0):
 garbage-first heap   total 226304K, used 100829K [0x0000000080000000, 0x0000000100000000)
  region size 1024K, 1 young (1024K), 1 survivors (1024K)
 Metaspace       used 130406K, capacity 133533K, committed 135720K, reserved 1167360K
  class space    used 15967K, capacity 17167K, committed 18124K, reserved 1048576K
}
Event: 7077.110 GC heap before
{Heap before GC invocations=65 (full 0):
 garbage-first heap   total 226304K, used 134621K [0x0000000080000000, 0x0000000100000000)
  region size 1024K, 36 young (36864K), 1 survivors (1024K)
 Metaspace       used 130526K, capacity 133807K, committed 135976K, reserved 1167360K
  class space    used 15970K, capacity 17172K, committed 18124K, reserved 1048576K
}
Event: 7077.123 GC heap after
{Heap after GC invocations=66 (full 0):
 garbage-first heap   total 226304K, used 102815K [0x0000000080000000, 0x0000000100000000)
  region size 1024K, 3 young (3072K), 3 survivors (3072K)
 Metaspace       used 130526K, capacity 133807K, committed 135976K, reserved 1167360K
  class space    used 15970K, capacity 17172K, committed 18124K, reserved 1048576K
}
Event: 7078.009 GC heap before
{Heap before GC invocations=67 (full 0):
 garbage-first heap   total 226304K, used 178069K [0x0000000080000000, 0x0000000100000000)
  region size 1024K, 73 young (74752K), 3 survivors (3072K)
 Metaspace       used 130914K, capacity 134140K, committed 136232K, reserved 1167360K
  class space    used 15976K, capacity 17183K, committed 18124K, reserved 1048576K
}
Event: 7078.013 GC heap after
{Heap after GC invocations=68 (full 0):
 garbage-first heap   total 226304K, used 103644K [0x0000000080000000, 0x0000000100000000)
  region size 1024K, 3 young (3072K), 3 survivors (3072K)
 Metaspace       used 130914K, capacity 134140K, committed 136232K, reserved 1167360K
  class space    used 15976K, capacity 17183K, committed 18124K, reserved 1048576K
}
Event: 7078.038 GC heap before
{Heap before GC invocations=68 (full 0):
 garbage-first heap   total 226304K, used 110812K [0x0000000080000000, 0x0000000100000000)
  region size 1024K, 11 young (11264K), 3 survivors (3072K)
 Metaspace       used 130932K, capacity 134140K, committed 136232K, reserved 1167360K
  class space    used 15976K, capacity 17183K, committed 18124K, reserved 1048576K
}
Event: 7078.048 GC heap after
{Heap after GC invocations=69 (full 0):
 garbage-first heap   total 226304K, used 94752K [0x0000000080000000, 0x0000000100000000)
  region size 1024K, 2 young (2048K), 2 survivors (2048K)
 Metaspace       used 130932K, capacity 134140K, committed 136232K, reserved 1167360K
  class space    used 15976K, capacity 17183K, committed 18124K, reserved 1048576K
}
Event: 7078.308 GC heap before
{Heap before GC invocations=69 (full 0):
 garbage-first heap   total 226304K, used 173600K [0x0000000080000000, 0x0000000100000000)
  region size 1024K, 81 young (82944K), 2 survivors (2048K)
 Metaspace       used 131061K, capacity 134303K, committed 136616K, reserved 1167360K
  class space    used 16002K, capacity 17216K, committed 18252K, reserved 1048576K
}
Event: 7078.342 GC heap after
{Heap after GC invocations=70 (full 0):
 garbage-first heap   total 226304K, used 101356K [0x0000000080000000, 0x0000000100000000)
  region size 1024K, 8 young (8192K), 8 survivors (8192K)
 Metaspace       used 131061K, capacity 134303K, committed 136616K, reserved 1167360K
  class space    used 16002K, capacity 17216K, committed 18252K, reserved 1048576K
}

